{"C:\\Projects\\TikTok Downloader\\tiktok-video-downloader\\src\\utils\\network.js": {"path":"C:\\Projects\\TikTok Downloader\\tiktok-video-downloader\\src\\utils\\network.js","statementMap":{"0":{"start":{"line":7,"column":15},"end":{"line":7,"column":73}},"1":{"start":{"line":8,"column":16},"end":{"line":8,"column":18}},"2":{"start":{"line":15,"column":2},"end":{"line":17,"column":3}},"3":{"start":{"line":16,"column":4},"end":{"line":16,"column":16}},"4":{"start":{"line":18,"column":2},"end":{"line":18,"column":26}},"5":{"start":{"line":26,"column":2},"end":{"line":26,"column":18}},"6":{"start":{"line":35,"column":2},"end":{"line":35,"column":27}},"7":{"start":{"line":37,"column":2},"end":{"line":39,"column":4}},"8":{"start":{"line":38,"column":4},"end":{"line":38,"column":56}},"9":{"start":{"line":38,"column":39},"end":{"line":38,"column":54}},"10":{"start":{"line":47,"column":2},"end":{"line":53,"column":5}},"11":{"start":{"line":48,"column":4},"end":{"line":52,"column":5}},"12":{"start":{"line":49,"column":6},"end":{"line":49,"column":23}},"13":{"start":{"line":51,"column":6},"end":{"line":51,"column":73}},"14":{"start":{"line":61,"column":2},"end":{"line":63,"column":3}},"15":{"start":{"line":62,"column":4},"end":{"line":62,"column":11}},"16":{"start":{"line":65,"column":23},"end":{"line":69,"column":3}},"17":{"start":{"line":66,"column":4},"end":{"line":66,"column":20}},"18":{"start":{"line":67,"column":4},"end":{"line":67,"column":49}},"19":{"start":{"line":68,"column":4},"end":{"line":68,"column":26}},"20":{"start":{"line":71,"column":24},"end":{"line":75,"column":3}},"21":{"start":{"line":72,"column":4},"end":{"line":72,"column":21}},"22":{"start":{"line":73,"column":4},"end":{"line":73,"column":45}},"23":{"start":{"line":74,"column":4},"end":{"line":74,"column":27}},"24":{"start":{"line":77,"column":2},"end":{"line":77,"column":50}},"25":{"start":{"line":78,"column":2},"end":{"line":78,"column":52}},"26":{"start":{"line":81,"column":2},"end":{"line":84,"column":4}},"27":{"start":{"line":82,"column":4},"end":{"line":82,"column":55}},"28":{"start":{"line":83,"column":4},"end":{"line":83,"column":57}},"29":{"start":{"line":93,"column":2},"end":{"line":95,"column":3}},"30":{"start":{"line":94,"column":4},"end":{"line":94,"column":33}},"31":{"start":{"line":97,"column":2},"end":{"line":110,"column":5}},"32":{"start":{"line":98,"column":24},"end":{"line":104,"column":6}},"33":{"start":{"line":99,"column":6},"end":{"line":103,"column":7}},"34":{"start":{"line":100,"column":8},"end":{"line":100,"column":22}},"35":{"start":{"line":101,"column":8},"end":{"line":101,"column":32}},"36":{"start":{"line":102,"column":8},"end":{"line":102,"column":22}},"37":{"start":{"line":106,"column":22},"end":{"line":109,"column":15}},"38":{"start":{"line":107,"column":6},"end":{"line":107,"column":20}},"39":{"start":{"line":108,"column":6},"end":{"line":108,"column":21}},"40":{"start":{"line":121,"column":2},"end":{"line":135,"column":3}},"41":{"start":{"line":122,"column":23},"end":{"line":122,"column":44}},"42":{"start":{"line":123,"column":22},"end":{"line":123,"column":67}},"43":{"start":{"line":123,"column":39},"end":{"line":123,"column":57}},"44":{"start":{"line":125,"column":21},"end":{"line":129,"column":6}},"45":{"start":{"line":131,"column":4},"end":{"line":131,"column":28}},"46":{"start":{"line":132,"column":4},"end":{"line":132,"column":16}},"47":{"start":{"line":134,"column":4},"end":{"line":134,"column":17}},"48":{"start":{"line":143,"column":2},"end":{"line":143,"column":59}},"49":{"start":{"line":151,"column":2},"end":{"line":151,"column":63}},"50":{"start":{"line":159,"column":45},"end":{"line":162,"column":4}},"51":{"start":{"line":164,"column":2},"end":{"line":170,"column":4}},"52":{"start":{"line":181,"column":2},"end":{"line":183,"column":3}},"53":{"start":{"line":182,"column":4},"end":{"line":182,"column":79}},"54":{"start":{"line":185,"column":2},"end":{"line":193,"column":3}},"55":{"start":{"line":186,"column":4},"end":{"line":186,"column":29}},"56":{"start":{"line":189,"column":4},"end":{"line":191,"column":5}},"57":{"start":{"line":190,"column":6},"end":{"line":190,"column":83}},"58":{"start":{"line":192,"column":4},"end":{"line":192,"column":16}},"59":{"start":{"line":202,"column":2},"end":{"line":202,"column":27}},"60":{"start":{"line":202,"column":14},"end":{"line":202,"column":27}},"61":{"start":{"line":205,"column":31},"end":{"line":214,"column":3}},"62":{"start":{"line":216,"column":22},"end":{"line":216,"column":98}},"63":{"start":{"line":217,"column":2},"end":{"line":217,"column":83}},"64":{"start":{"line":217,"column":42},"end":{"line":217,"column":81}},"65":{"start":{"line":225,"column":4},"end":{"line":225,"column":19}},"66":{"start":{"line":226,"column":4},"end":{"line":226,"column":31}},"67":{"start":{"line":227,"column":4},"end":{"line":227,"column":31}}},"fnMap":{"0":{"name":"checkOnlineStatus","decl":{"start":{"line":14,"column":16},"end":{"line":14,"column":33}},"loc":{"start":{"line":14,"column":36},"end":{"line":19,"column":1}},"line":14},"1":{"name":"getOnlineStatus","decl":{"start":{"line":25,"column":16},"end":{"line":25,"column":31}},"loc":{"start":{"line":25,"column":34},"end":{"line":27,"column":1}},"line":25},"2":{"name":"onNetworkStatusChange","decl":{"start":{"line":34,"column":16},"end":{"line":34,"column":37}},"loc":{"start":{"line":34,"column":48},"end":{"line":40,"column":1}},"line":34},"3":{"name":"(anonymous_3)","decl":{"start":{"line":37,"column":9},"end":{"line":37,"column":10}},"loc":{"start":{"line":37,"column":15},"end":{"line":39,"column":3}},"line":37},"4":{"name":"(anonymous_4)","decl":{"start":{"line":38,"column":33},"end":{"line":38,"column":34}},"loc":{"start":{"line":38,"column":39},"end":{"line":38,"column":54}},"line":38},"5":{"name":"notifyListeners","decl":{"start":{"line":46,"column":9},"end":{"line":46,"column":24}},"loc":{"start":{"line":46,"column":33},"end":{"line":54,"column":1}},"line":46},"6":{"name":"(anonymous_6)","decl":{"start":{"line":47,"column":20},"end":{"line":47,"column":21}},"loc":{"start":{"line":47,"column":32},"end":{"line":53,"column":3}},"line":47},"7":{"name":"initNetworkMonitoring","decl":{"start":{"line":60,"column":16},"end":{"line":60,"column":37}},"loc":{"start":{"line":60,"column":40},"end":{"line":85,"column":1}},"line":60},"8":{"name":"(anonymous_8)","decl":{"start":{"line":65,"column":23},"end":{"line":65,"column":24}},"loc":{"start":{"line":65,"column":29},"end":{"line":69,"column":3}},"line":65},"9":{"name":"(anonymous_9)","decl":{"start":{"line":71,"column":24},"end":{"line":71,"column":25}},"loc":{"start":{"line":71,"column":30},"end":{"line":75,"column":3}},"line":71},"10":{"name":"(anonymous_10)","decl":{"start":{"line":81,"column":9},"end":{"line":81,"column":10}},"loc":{"start":{"line":81,"column":15},"end":{"line":84,"column":3}},"line":81},"11":{"name":"waitForOnline","decl":{"start":{"line":92,"column":16},"end":{"line":92,"column":29}},"loc":{"start":{"line":92,"column":47},"end":{"line":111,"column":1}},"line":92},"12":{"name":"(anonymous_12)","decl":{"start":{"line":97,"column":21},"end":{"line":97,"column":22}},"loc":{"start":{"line":97,"column":34},"end":{"line":110,"column":3}},"line":97},"13":{"name":"(anonymous_13)","decl":{"start":{"line":98,"column":46},"end":{"line":98,"column":47}},"loc":{"start":{"line":98,"column":58},"end":{"line":104,"column":5}},"line":98},"14":{"name":"(anonymous_14)","decl":{"start":{"line":106,"column":33},"end":{"line":106,"column":34}},"loc":{"start":{"line":106,"column":39},"end":{"line":109,"column":5}},"line":106},"15":{"name":"checkConnectivity","decl":{"start":{"line":120,"column":22},"end":{"line":120,"column":39}},"loc":{"start":{"line":120,"column":101},"end":{"line":136,"column":1}},"line":120},"16":{"name":"(anonymous_16)","decl":{"start":{"line":123,"column":33},"end":{"line":123,"column":34}},"loc":{"start":{"line":123,"column":39},"end":{"line":123,"column":57}},"line":123},"17":{"name":"checkTikTokConnectivity","decl":{"start":{"line":142,"column":22},"end":{"line":142,"column":45}},"loc":{"start":{"line":142,"column":48},"end":{"line":144,"column":1}},"line":142},"18":{"name":"checkGoogleConnectivity","decl":{"start":{"line":150,"column":22},"end":{"line":150,"column":45}},"loc":{"start":{"line":150,"column":48},"end":{"line":152,"column":1}},"line":150},"19":{"name":"getNetworkStatus","decl":{"start":{"line":158,"column":22},"end":{"line":158,"column":38}},"loc":{"start":{"line":158,"column":41},"end":{"line":171,"column":1}},"line":158},"20":{"name":"executeOnlineOnly","decl":{"start":{"line":180,"column":22},"end":{"line":180,"column":39}},"loc":{"start":{"line":180,"column":80},"end":{"line":194,"column":1}},"line":180},"21":{"name":"isNetworkError","decl":{"start":{"line":201,"column":16},"end":{"line":201,"column":30}},"loc":{"start":{"line":201,"column":38},"end":{"line":218,"column":1}},"line":201},"22":{"name":"(anonymous_22)","decl":{"start":{"line":217,"column":35},"end":{"line":217,"column":36}},"loc":{"start":{"line":217,"column":42},"end":{"line":217,"column":81}},"line":217},"23":{"name":"(anonymous_23)","decl":{"start":{"line":224,"column":2},"end":{"line":224,"column":3}},"loc":{"start":{"line":224,"column":50},"end":{"line":228,"column":3}},"line":224}},"branchMap":{"0":{"loc":{"start":{"line":7,"column":15},"end":{"line":7,"column":73}},"type":"cond-expr","locations":[{"start":{"line":7,"column":50},"end":{"line":7,"column":66}},{"start":{"line":7,"column":69},"end":{"line":7,"column":73}}],"line":7},"1":{"loc":{"start":{"line":15,"column":2},"end":{"line":17,"column":3}},"type":"if","locations":[{"start":{"line":15,"column":2},"end":{"line":17,"column":3}},{"start":{},"end":{}}],"line":15},"2":{"loc":{"start":{"line":61,"column":2},"end":{"line":63,"column":3}},"type":"if","locations":[{"start":{"line":61,"column":2},"end":{"line":63,"column":3}},{"start":{},"end":{}}],"line":61},"3":{"loc":{"start":{"line":92,"column":30},"end":{"line":92,"column":45}},"type":"default-arg","locations":[{"start":{"line":92,"column":40},"end":{"line":92,"column":45}}],"line":92},"4":{"loc":{"start":{"line":93,"column":2},"end":{"line":95,"column":3}},"type":"if","locations":[{"start":{"line":93,"column":2},"end":{"line":95,"column":3}},{"start":{},"end":{}}],"line":93},"5":{"loc":{"start":{"line":99,"column":6},"end":{"line":103,"column":7}},"type":"if","locations":[{"start":{"line":99,"column":6},"end":{"line":103,"column":7}},{"start":{},"end":{}}],"line":99},"6":{"loc":{"start":{"line":120,"column":40},"end":{"line":120,"column":83}},"type":"default-arg","locations":[{"start":{"line":120,"column":46},"end":{"line":120,"column":83}}],"line":120},"7":{"loc":{"start":{"line":120,"column":85},"end":{"line":120,"column":99}},"type":"default-arg","locations":[{"start":{"line":120,"column":95},"end":{"line":120,"column":99}}],"line":120},"8":{"loc":{"start":{"line":180,"column":51},"end":{"line":180,"column":78}},"type":"default-arg","locations":[{"start":{"line":180,"column":67},"end":{"line":180,"column":78}}],"line":180},"9":{"loc":{"start":{"line":181,"column":2},"end":{"line":183,"column":3}},"type":"if","locations":[{"start":{"line":181,"column":2},"end":{"line":183,"column":3}},{"start":{},"end":{}}],"line":181},"10":{"loc":{"start":{"line":189,"column":4},"end":{"line":191,"column":5}},"type":"if","locations":[{"start":{"line":189,"column":4},"end":{"line":191,"column":5}},{"start":{},"end":{}}],"line":189},"11":{"loc":{"start":{"line":189,"column":8},"end":{"line":189,"column":53}},"type":"binary-expr","locations":[{"start":{"line":189,"column":8},"end":{"line":189,"column":28}},{"start":{"line":189,"column":32},"end":{"line":189,"column":53}}],"line":189},"12":{"loc":{"start":{"line":202,"column":2},"end":{"line":202,"column":27}},"type":"if","locations":[{"start":{"line":202,"column":2},"end":{"line":202,"column":27}},{"start":{},"end":{}}],"line":202},"13":{"loc":{"start":{"line":216,"column":23},"end":{"line":216,"column":42}},"type":"binary-expr","locations":[{"start":{"line":216,"column":23},"end":{"line":216,"column":36}},{"start":{"line":216,"column":40},"end":{"line":216,"column":42}}],"line":216},"14":{"loc":{"start":{"line":216,"column":67},"end":{"line":216,"column":83}},"type":"binary-expr","locations":[{"start":{"line":216,"column":67},"end":{"line":216,"column":77}},{"start":{"line":216,"column":81},"end":{"line":216,"column":83}}],"line":216},"15":{"loc":{"start":{"line":224,"column":14},"end":{"line":224,"column":48}},"type":"default-arg","locations":[{"start":{"line":224,"column":24},"end":{"line":224,"column":48}}],"line":224}},"s":{"0":1,"1":1,"2":0,"3":0,"4":0,"5":0,"6":0,"7":0,"8":0,"9":0,"10":0,"11":0,"12":0,"13":0,"14":0,"15":0,"16":0,"17":0,"18":0,"19":0,"20":0,"21":0,"22":0,"23":0,"24":0,"25":0,"26":0,"27":0,"28":0,"29":0,"30":0,"31":0,"32":0,"33":0,"34":0,"35":0,"36":0,"37":0,"38":0,"39":0,"40":0,"41":0,"42":0,"43":0,"44":0,"45":0,"46":0,"47":0,"48":0,"49":0,"50":0,"51":0,"52":0,"53":0,"54":0,"55":0,"56":0,"57":0,"58":0,"59":12,"60":2,"61":10,"62":10,"63":10,"64":60,"65":3,"66":3,"67":3},"f":{"0":0,"1":0,"2":0,"3":0,"4":0,"5":0,"6":0,"7":0,"8":0,"9":0,"10":0,"11":0,"12":0,"13":0,"14":0,"15":0,"16":0,"17":0,"18":0,"19":0,"20":0,"21":12,"22":60,"23":3},"b":{"0":[1,0],"1":[0,0],"2":[0,0],"3":[0],"4":[0,0],"5":[0,0],"6":[0],"7":[0],"8":[0],"9":[0,0],"10":[0,0],"11":[0,0],"12":[2,10],"13":[10,4],"14":[10,8],"15":[2]},"_coverageSchema":"1a1c01bbd47fc00a2c39e90264f33305004495a9","hash":"2a9e72f7e7da25dedb6d14108366f2d3d15abfcb"}
,"C:\\Projects\\TikTok Downloader\\tiktok-video-downloader\\src\\utils\\retry.js": {"path":"C:\\Projects\\TikTok Downloader\\tiktok-video-downloader\\src\\utils\\retry.js","statementMap":{"0":{"start":{"line":7,"column":36},"end":{"line":14,"column":1}},"1":{"start":{"line":23,"column":16},"end":{"line":23,"column":81}},"2":{"start":{"line":25,"column":17},"end":{"line":25,"column":53}},"3":{"start":{"line":26,"column":2},"end":{"line":26,"column":51}},"4":{"start":{"line":37,"column":2},"end":{"line":39,"column":3}},"5":{"start":{"line":38,"column":4},"end":{"line":38,"column":62}},"6":{"start":{"line":42,"column":2},"end":{"line":44,"column":3}},"7":{"start":{"line":43,"column":4},"end":{"line":43,"column":55}},"8":{"start":{"line":47,"column":2},"end":{"line":49,"column":3}},"9":{"start":{"line":48,"column":4},"end":{"line":48,"column":16}},"10":{"start":{"line":52,"column":2},"end":{"line":54,"column":3}},"11":{"start":{"line":53,"column":4},"end":{"line":53,"column":17}},"12":{"start":{"line":56,"column":2},"end":{"line":56,"column":15}},"13":{"start":{"line":65,"column":2},"end":{"line":65,"column":57}},"14":{"start":{"line":65,"column":32},"end":{"line":65,"column":55}},"15":{"start":{"line":82,"column":6},"end":{"line":82,"column":13}},"16":{"start":{"line":86,"column":2},"end":{"line":120,"column":3}},"17":{"start":{"line":86,"column":21},"end":{"line":86,"column":22}},"18":{"start":{"line":87,"column":4},"end":{"line":119,"column":5}},"19":{"start":{"line":89,"column":6},"end":{"line":91,"column":7}},"20":{"start":{"line":90,"column":8},"end":{"line":90,"column":45}},"21":{"start":{"line":93,"column":6},"end":{"line":93,"column":38}},"22":{"start":{"line":95,"column":6},"end":{"line":95,"column":24}},"23":{"start":{"line":98,"column":6},"end":{"line":100,"column":7}},"24":{"start":{"line":99,"column":8},"end":{"line":99,"column":20}},"25":{"start":{"line":103,"column":20},"end":{"line":103,"column":53}},"26":{"start":{"line":106,"column":6},"end":{"line":113,"column":7}},"27":{"start":{"line":107,"column":8},"end":{"line":112,"column":11}},"28":{"start":{"line":115,"column":6},"end":{"line":115,"column":107}},"29":{"start":{"line":118,"column":6},"end":{"line":118,"column":25}},"30":{"start":{"line":122,"column":2},"end":{"line":122,"column":18}},"31":{"start":{"line":133,"column":17},"end":{"line":133,"column":68}},"32":{"start":{"line":135,"column":2},"end":{"line":154,"column":5}},"33":{"start":{"line":136,"column":21},"end":{"line":139,"column":6}},"34":{"start":{"line":142,"column":4},"end":{"line":147,"column":5}},"35":{"start":{"line":143,"column":20},"end":{"line":143,"column":56}},"36":{"start":{"line":144,"column":6},"end":{"line":144,"column":37}},"37":{"start":{"line":145,"column":6},"end":{"line":145,"column":32}},"38":{"start":{"line":146,"column":6},"end":{"line":146,"column":18}},"39":{"start":{"line":149,"column":4},"end":{"line":149,"column":20}},"40":{"start":{"line":164,"column":2},"end":{"line":166,"column":4}},"41":{"start":{"line":165,"column":4},"end":{"line":165,"column":59}},"42":{"start":{"line":165,"column":34},"end":{"line":165,"column":45}}},"fnMap":{"0":{"name":"calculateBackoff","decl":{"start":{"line":22,"column":16},"end":{"line":22,"column":32}},"loc":{"start":{"line":22,"column":73},"end":{"line":27,"column":1}},"line":22},"1":{"name":"isRetryableError","decl":{"start":{"line":35,"column":16},"end":{"line":35,"column":32}},"loc":{"start":{"line":35,"column":71},"end":{"line":57,"column":1}},"line":35},"2":{"name":"sleep","decl":{"start":{"line":64,"column":16},"end":{"line":64,"column":21}},"loc":{"start":{"line":64,"column":26},"end":{"line":66,"column":1}},"line":64},"3":{"name":"(anonymous_3)","decl":{"start":{"line":65,"column":21},"end":{"line":65,"column":22}},"loc":{"start":{"line":65,"column":32},"end":{"line":65,"column":55}},"line":65},"4":{"name":"retryWithBackoff","decl":{"start":{"line":77,"column":22},"end":{"line":77,"column":38}},"loc":{"start":{"line":77,"column":64},"end":{"line":123,"column":1}},"line":77},"5":{"name":"fetchWithRetry","decl":{"start":{"line":132,"column":22},"end":{"line":132,"column":36}},"loc":{"start":{"line":132,"column":75},"end":{"line":155,"column":1}},"line":132},"6":{"name":"(anonymous_6)","decl":{"start":{"line":135,"column":26},"end":{"line":135,"column":27}},"loc":{"start":{"line":135,"column":45},"end":{"line":150,"column":3}},"line":135},"7":{"name":"withRetry","decl":{"start":{"line":163,"column":16},"end":{"line":163,"column":25}},"loc":{"start":{"line":163,"column":61},"end":{"line":167,"column":1}},"line":163},"8":{"name":"(anonymous_8)","decl":{"start":{"line":164,"column":9},"end":{"line":164,"column":10}},"loc":{"start":{"line":164,"column":28},"end":{"line":166,"column":3}},"line":164},"9":{"name":"(anonymous_9)","decl":{"start":{"line":165,"column":28},"end":{"line":165,"column":29}},"loc":{"start":{"line":165,"column":34},"end":{"line":165,"column":45}},"line":165}},"branchMap":{"0":{"loc":{"start":{"line":22,"column":42},"end":{"line":22,"column":71}},"type":"default-arg","locations":[{"start":{"line":22,"column":51},"end":{"line":22,"column":71}}],"line":22},"1":{"loc":{"start":{"line":35,"column":40},"end":{"line":35,"column":69}},"type":"default-arg","locations":[{"start":{"line":35,"column":49},"end":{"line":35,"column":69}}],"line":35},"2":{"loc":{"start":{"line":37,"column":2},"end":{"line":39,"column":3}},"type":"if","locations":[{"start":{"line":37,"column":2},"end":{"line":39,"column":3}},{"start":{},"end":{}}],"line":37},"3":{"loc":{"start":{"line":37,"column":6},"end":{"line":37,"column":47}},"type":"binary-expr","locations":[{"start":{"line":37,"column":6},"end":{"line":37,"column":11}},{"start":{"line":37,"column":15},"end":{"line":37,"column":47}}],"line":37},"4":{"loc":{"start":{"line":42,"column":2},"end":{"line":44,"column":3}},"type":"if","locations":[{"start":{"line":42,"column":2},"end":{"line":44,"column":3}},{"start":{},"end":{}}],"line":42},"5":{"loc":{"start":{"line":42,"column":6},"end":{"line":42,"column":25}},"type":"binary-expr","locations":[{"start":{"line":42,"column":6},"end":{"line":42,"column":11}},{"start":{"line":42,"column":15},"end":{"line":42,"column":25}}],"line":42},"6":{"loc":{"start":{"line":47,"column":2},"end":{"line":49,"column":3}},"type":"if","locations":[{"start":{"line":47,"column":2},"end":{"line":49,"column":3}},{"start":{},"end":{}}],"line":47},"7":{"loc":{"start":{"line":47,"column":6},"end":{"line":47,"column":76}},"type":"binary-expr","locations":[{"start":{"line":47,"column":6},"end":{"line":47,"column":11}},{"start":{"line":47,"column":15},"end":{"line":47,"column":41}},{"start":{"line":47,"column":45},"end":{"line":47,"column":76}}],"line":47},"8":{"loc":{"start":{"line":52,"column":2},"end":{"line":54,"column":3}},"type":"if","locations":[{"start":{"line":52,"column":2},"end":{"line":54,"column":3}},{"start":{},"end":{}}],"line":52},"9":{"loc":{"start":{"line":52,"column":6},"end":{"line":52,"column":42}},"type":"binary-expr","locations":[{"start":{"line":52,"column":6},"end":{"line":52,"column":11}},{"start":{"line":52,"column":15},"end":{"line":52,"column":42}}],"line":52},"10":{"loc":{"start":{"line":77,"column":50},"end":{"line":77,"column":62}},"type":"default-arg","locations":[{"start":{"line":77,"column":60},"end":{"line":77,"column":62}}],"line":77},"11":{"loc":{"start":{"line":79,"column":4},"end":{"line":79,"column":33}},"type":"default-arg","locations":[{"start":{"line":79,"column":13},"end":{"line":79,"column":33}}],"line":79},"12":{"loc":{"start":{"line":80,"column":4},"end":{"line":80,"column":18}},"type":"default-arg","locations":[{"start":{"line":80,"column":14},"end":{"line":80,"column":18}}],"line":80},"13":{"loc":{"start":{"line":81,"column":4},"end":{"line":81,"column":17}},"type":"default-arg","locations":[{"start":{"line":81,"column":13},"end":{"line":81,"column":17}}],"line":81},"14":{"loc":{"start":{"line":89,"column":6},"end":{"line":91,"column":7}},"type":"if","locations":[{"start":{"line":89,"column":6},"end":{"line":91,"column":7}},{"start":{},"end":{}}],"line":89},"15":{"loc":{"start":{"line":98,"column":6},"end":{"line":100,"column":7}},"type":"if","locations":[{"start":{"line":98,"column":6},"end":{"line":100,"column":7}},{"start":{},"end":{}}],"line":98},"16":{"loc":{"start":{"line":98,"column":10},"end":{"line":98,"column":74}},"type":"binary-expr","locations":[{"start":{"line":98,"column":10},"end":{"line":98,"column":38}},{"start":{"line":98,"column":42},"end":{"line":98,"column":74}}],"line":98},"17":{"loc":{"start":{"line":106,"column":6},"end":{"line":113,"column":7}},"type":"if","locations":[{"start":{"line":106,"column":6},"end":{"line":113,"column":7}},{"start":{},"end":{}}],"line":106},"18":{"loc":{"start":{"line":132,"column":42},"end":{"line":132,"column":54}},"type":"default-arg","locations":[{"start":{"line":132,"column":52},"end":{"line":132,"column":54}}],"line":132},"19":{"loc":{"start":{"line":132,"column":56},"end":{"line":132,"column":73}},"type":"default-arg","locations":[{"start":{"line":132,"column":71},"end":{"line":132,"column":73}}],"line":132},"20":{"loc":{"start":{"line":142,"column":4},"end":{"line":147,"column":5}},"type":"if","locations":[{"start":{"line":142,"column":4},"end":{"line":147,"column":5}},{"start":{},"end":{}}],"line":142},"21":{"loc":{"start":{"line":142,"column":8},"end":{"line":142,"column":77}},"type":"binary-expr","locations":[{"start":{"line":142,"column":8},"end":{"line":142,"column":20}},{"start":{"line":142,"column":24},"end":{"line":142,"column":77}}],"line":142},"22":{"loc":{"start":{"line":163,"column":30},"end":{"line":163,"column":59}},"type":"default-arg","locations":[{"start":{"line":163,"column":39},"end":{"line":163,"column":59}}],"line":163}},"s":{"0":1,"1":9,"2":9,"3":9,"4":21,"5":14,"6":7,"7":3,"8":4,"9":0,"10":4,"11":1,"12":3,"13":5,"14":5,"15":6,"16":6,"17":6,"18":10,"19":10,"20":1,"21":9,"22":7,"23":7,"24":3,"25":4,"26":4,"27":1,"28":4,"29":4,"30":0,"31":0,"32":0,"33":0,"34":0,"35":0,"36":0,"37":0,"38":0,"39":0,"40":0,"41":0,"42":0},"f":{"0":9,"1":21,"2":5,"3":5,"4":6,"5":0,"6":0,"7":0,"8":0,"9":0},"b":{"0":[1],"1":[15],"2":[14,7],"3":[21,19],"4":[3,4],"5":[7,5],"6":[0,4],"7":[4,2,0],"8":[1,3],"9":[4,2],"10":[2],"11":[3],"12":[5],"13":[5],"14":[1,9],"15":[3,4],"16":[7,6],"17":[1,3],"18":[0],"19":[0],"20":[0,0],"21":[0,0],"22":[0]},"_coverageSchema":"1a1c01bbd47fc00a2c39e90264f33305004495a9","hash":"4edaf45e8b9c39322b65b8c03bdec5671602af75"}
,"C:\\Projects\\TikTok Downloader\\tiktok-video-downloader\\src\\utils\\validation.js": {"path":"C:\\Projects\\TikTok Downloader\\tiktok-video-downloader\\src\\utils\\validation.js","statementMap":{"0":{"start":{"line":7,"column":35},"end":{"line":17,"column":1}},"1":{"start":{"line":25,"column":2},"end":{"line":27,"column":3}},"2":{"start":{"line":26,"column":4},"end":{"line":26,"column":17}},"3":{"start":{"line":29,"column":2},"end":{"line":63,"column":3}},"4":{"start":{"line":30,"column":19},"end":{"line":30,"column":31}},"5":{"start":{"line":33,"column":4},"end":{"line":36,"column":5}},"6":{"start":{"line":34,"column":6},"end":{"line":34,"column":77}},"7":{"start":{"line":35,"column":6},"end":{"line":35,"column":19}},"8":{"start":{"line":39,"column":21},"end":{"line":39,"column":50}},"9":{"start":{"line":40,"column":22},"end":{"line":42,"column":5}},"10":{"start":{"line":41,"column":6},"end":{"line":41,"column":60}},"11":{"start":{"line":44,"column":4},"end":{"line":47,"column":5}},"12":{"start":{"line":45,"column":6},"end":{"line":45,"column":63}},"13":{"start":{"line":46,"column":6},"end":{"line":46,"column":19}},"14":{"start":{"line":50,"column":30},"end":{"line":52,"column":64}},"15":{"start":{"line":54,"column":4},"end":{"line":57,"column":5}},"16":{"start":{"line":55,"column":6},"end":{"line":55,"column":92}},"17":{"start":{"line":59,"column":4},"end":{"line":59,"column":16}},"18":{"start":{"line":61,"column":4},"end":{"line":61,"column":69}},"19":{"start":{"line":62,"column":4},"end":{"line":62,"column":17}},"20":{"start":{"line":72,"column":2},"end":{"line":74,"column":3}},"21":{"start":{"line":73,"column":4},"end":{"line":73,"column":17}},"22":{"start":{"line":76,"column":2},"end":{"line":86,"column":3}},"23":{"start":{"line":77,"column":19},"end":{"line":77,"column":31}},"24":{"start":{"line":78,"column":21},"end":{"line":78,"column":50}},"25":{"start":{"line":80,"column":4},"end":{"line":83,"column":40}},"26":{"start":{"line":85,"column":4},"end":{"line":85,"column":17}},"27":{"start":{"line":95,"column":2},"end":{"line":97,"column":3}},"28":{"start":{"line":96,"column":4},"end":{"line":96,"column":21}},"29":{"start":{"line":100,"column":2},"end":{"line":103,"column":22}},"30":{"start":{"line":112,"column":2},"end":{"line":114,"column":3}},"31":{"start":{"line":113,"column":4},"end":{"line":113,"column":16}},"32":{"start":{"line":117,"column":18},"end":{"line":117,"column":44}},"33":{"start":{"line":119,"column":2},"end":{"line":121,"column":3}},"34":{"start":{"line":120,"column":4},"end":{"line":120,"column":74}},"35":{"start":{"line":123,"column":2},"end":{"line":123,"column":25}},"36":{"start":{"line":132,"column":2},"end":{"line":134,"column":3}},"37":{"start":{"line":133,"column":4},"end":{"line":133,"column":14}},"38":{"start":{"line":136,"column":2},"end":{"line":141,"column":29}},"39":{"start":{"line":151,"column":2},"end":{"line":153,"column":3}},"40":{"start":{"line":152,"column":4},"end":{"line":152,"column":17}},"41":{"start":{"line":155,"column":19},"end":{"line":155,"column":38}},"42":{"start":{"line":156,"column":2},"end":{"line":156,"column":31}},"43":{"start":{"line":165,"column":19},"end":{"line":165,"column":69}},"44":{"start":{"line":166,"column":18},"end":{"line":166,"column":64}},"45":{"start":{"line":167,"column":20},"end":{"line":167,"column":79}},"46":{"start":{"line":169,"column":2},"end":{"line":169,"column":59}},"47":{"start":{"line":178,"column":2},"end":{"line":180,"column":3}},"48":{"start":{"line":179,"column":4},"end":{"line":179,"column":17}},"49":{"start":{"line":183,"column":2},"end":{"line":183,"column":28}}},"fnMap":{"0":{"name":"isValidVideoUrl","decl":{"start":{"line":24,"column":16},"end":{"line":24,"column":31}},"loc":{"start":{"line":24,"column":37},"end":{"line":64,"column":1}},"line":24},"1":{"name":"(anonymous_1)","decl":{"start":{"line":40,"column":47},"end":{"line":40,"column":48}},"loc":{"start":{"line":41,"column":6},"end":{"line":41,"column":60}},"line":41},"2":{"name":"isValidTikTokPage","decl":{"start":{"line":71,"column":16},"end":{"line":71,"column":33}},"loc":{"start":{"line":71,"column":39},"end":{"line":87,"column":1}},"line":71},"3":{"name":"sanitizeUsername","decl":{"start":{"line":94,"column":16},"end":{"line":94,"column":32}},"loc":{"start":{"line":94,"column":43},"end":{"line":104,"column":1}},"line":94},"4":{"name":"sanitizeVideoId","decl":{"start":{"line":111,"column":16},"end":{"line":111,"column":31}},"loc":{"start":{"line":111,"column":41},"end":{"line":124,"column":1}},"line":111},"5":{"name":"sanitizeForHtml","decl":{"start":{"line":131,"column":16},"end":{"line":131,"column":31}},"loc":{"start":{"line":131,"column":38},"end":{"line":142,"column":1}},"line":131},"6":{"name":"isValidFileSize","decl":{"start":{"line":150,"column":16},"end":{"line":150,"column":31}},"loc":{"start":{"line":150,"column":56},"end":{"line":157,"column":1}},"line":150},"7":{"name":"createSafeFilename","decl":{"start":{"line":164,"column":16},"end":{"line":164,"column":34}},"loc":{"start":{"line":164,"column":46},"end":{"line":170,"column":1}},"line":164},"8":{"name":"isValidTokenFormat","decl":{"start":{"line":177,"column":16},"end":{"line":177,"column":34}},"loc":{"start":{"line":177,"column":42},"end":{"line":184,"column":1}},"line":177}},"branchMap":{"0":{"loc":{"start":{"line":25,"column":2},"end":{"line":27,"column":3}},"type":"if","locations":[{"start":{"line":25,"column":2},"end":{"line":27,"column":3}},{"start":{},"end":{}}],"line":25},"1":{"loc":{"start":{"line":25,"column":6},"end":{"line":25,"column":37}},"type":"binary-expr","locations":[{"start":{"line":25,"column":6},"end":{"line":25,"column":10}},{"start":{"line":25,"column":14},"end":{"line":25,"column":37}}],"line":25},"2":{"loc":{"start":{"line":33,"column":4},"end":{"line":36,"column":5}},"type":"if","locations":[{"start":{"line":33,"column":4},"end":{"line":36,"column":5}},{"start":{},"end":{}}],"line":33},"3":{"loc":{"start":{"line":41,"column":6},"end":{"line":41,"column":60}},"type":"binary-expr","locations":[{"start":{"line":41,"column":6},"end":{"line":41,"column":25}},{"start":{"line":41,"column":29},"end":{"line":41,"column":60}}],"line":41},"4":{"loc":{"start":{"line":44,"column":4},"end":{"line":47,"column":5}},"type":"if","locations":[{"start":{"line":44,"column":4},"end":{"line":47,"column":5}},{"start":{},"end":{}}],"line":44},"5":{"loc":{"start":{"line":50,"column":30},"end":{"line":52,"column":64}},"type":"binary-expr","locations":[{"start":{"line":50,"column":30},"end":{"line":50,"column":62}},{"start":{"line":51,"column":31},"end":{"line":51,"column":64}},{"start":{"line":52,"column":31},"end":{"line":52,"column":64}}],"line":50},"6":{"loc":{"start":{"line":54,"column":4},"end":{"line":57,"column":5}},"type":"if","locations":[{"start":{"line":54,"column":4},"end":{"line":57,"column":5}},{"start":{},"end":{}}],"line":54},"7":{"loc":{"start":{"line":72,"column":2},"end":{"line":74,"column":3}},"type":"if","locations":[{"start":{"line":72,"column":2},"end":{"line":74,"column":3}},{"start":{},"end":{}}],"line":72},"8":{"loc":{"start":{"line":72,"column":6},"end":{"line":72,"column":37}},"type":"binary-expr","locations":[{"start":{"line":72,"column":6},"end":{"line":72,"column":10}},{"start":{"line":72,"column":14},"end":{"line":72,"column":37}}],"line":72},"9":{"loc":{"start":{"line":80,"column":11},"end":{"line":83,"column":39}},"type":"binary-expr","locations":[{"start":{"line":80,"column":11},"end":{"line":80,"column":40}},{"start":{"line":81,"column":11},"end":{"line":81,"column":36}},{"start":{"line":82,"column":11},"end":{"line":82,"column":38}},{"start":{"line":83,"column":11},"end":{"line":83,"column":39}}],"line":80},"10":{"loc":{"start":{"line":95,"column":2},"end":{"line":97,"column":3}},"type":"if","locations":[{"start":{"line":95,"column":2},"end":{"line":97,"column":3}},{"start":{},"end":{}}],"line":95},"11":{"loc":{"start":{"line":95,"column":6},"end":{"line":95,"column":47}},"type":"binary-expr","locations":[{"start":{"line":95,"column":6},"end":{"line":95,"column":15}},{"start":{"line":95,"column":19},"end":{"line":95,"column":47}}],"line":95},"12":{"loc":{"start":{"line":112,"column":2},"end":{"line":114,"column":3}},"type":"if","locations":[{"start":{"line":112,"column":2},"end":{"line":114,"column":3}},{"start":{},"end":{}}],"line":112},"13":{"loc":{"start":{"line":112,"column":6},"end":{"line":112,"column":45}},"type":"binary-expr","locations":[{"start":{"line":112,"column":6},"end":{"line":112,"column":14}},{"start":{"line":112,"column":18},"end":{"line":112,"column":45}}],"line":112},"14":{"loc":{"start":{"line":119,"column":2},"end":{"line":121,"column":3}},"type":"if","locations":[{"start":{"line":119,"column":2},"end":{"line":121,"column":3}},{"start":{},"end":{}}],"line":119},"15":{"loc":{"start":{"line":119,"column":6},"end":{"line":119,"column":48}},"type":"binary-expr","locations":[{"start":{"line":119,"column":6},"end":{"line":119,"column":25}},{"start":{"line":119,"column":29},"end":{"line":119,"column":48}}],"line":119},"16":{"loc":{"start":{"line":123,"column":9},"end":{"line":123,"column":24}},"type":"binary-expr","locations":[{"start":{"line":123,"column":9},"end":{"line":123,"column":16}},{"start":{"line":123,"column":20},"end":{"line":123,"column":24}}],"line":123},"17":{"loc":{"start":{"line":132,"column":2},"end":{"line":134,"column":3}},"type":"if","locations":[{"start":{"line":132,"column":2},"end":{"line":134,"column":3}},{"start":{},"end":{}}],"line":132},"18":{"loc":{"start":{"line":132,"column":6},"end":{"line":132,"column":39}},"type":"binary-expr","locations":[{"start":{"line":132,"column":6},"end":{"line":132,"column":11}},{"start":{"line":132,"column":15},"end":{"line":132,"column":39}}],"line":132},"19":{"loc":{"start":{"line":150,"column":43},"end":{"line":150,"column":54}},"type":"default-arg","locations":[{"start":{"line":150,"column":51},"end":{"line":150,"column":54}}],"line":150},"20":{"loc":{"start":{"line":151,"column":2},"end":{"line":153,"column":3}},"type":"if","locations":[{"start":{"line":151,"column":2},"end":{"line":153,"column":3}},{"start":{},"end":{}}],"line":151},"21":{"loc":{"start":{"line":151,"column":6},"end":{"line":151,"column":53}},"type":"binary-expr","locations":[{"start":{"line":151,"column":6},"end":{"line":151,"column":35}},{"start":{"line":151,"column":39},"end":{"line":151,"column":53}}],"line":151},"22":{"loc":{"start":{"line":165,"column":36},"end":{"line":165,"column":68}},"type":"binary-expr","locations":[{"start":{"line":165,"column":36},"end":{"line":165,"column":55}},{"start":{"line":165,"column":59},"end":{"line":165,"column":68}}],"line":165},"23":{"loc":{"start":{"line":166,"column":18},"end":{"line":166,"column":64}},"type":"binary-expr","locations":[{"start":{"line":166,"column":18},"end":{"line":166,"column":53}},{"start":{"line":166,"column":57},"end":{"line":166,"column":64}}],"line":166},"24":{"loc":{"start":{"line":178,"column":2},"end":{"line":180,"column":3}},"type":"if","locations":[{"start":{"line":178,"column":2},"end":{"line":180,"column":3}},{"start":{},"end":{}}],"line":178},"25":{"loc":{"start":{"line":178,"column":6},"end":{"line":178,"column":41}},"type":"binary-expr","locations":[{"start":{"line":178,"column":6},"end":{"line":178,"column":12}},{"start":{"line":178,"column":16},"end":{"line":178,"column":41}}],"line":178}},"s":{"0":1,"1":13,"2":4,"3":9,"4":9,"5":8,"6":1,"7":1,"8":7,"9":7,"10":36,"11":7,"12":3,"13":3,"14":4,"15":4,"16":0,"17":4,"18":1,"19":1,"20":8,"21":2,"22":6,"23":6,"24":6,"25":6,"26":0,"27":8,"28":2,"29":6,"30":7,"31":3,"32":4,"33":4,"34":2,"35":4,"36":4,"37":2,"38":2,"39":8,"40":3,"41":5,"42":5,"43":2,"44":2,"45":2,"46":2,"47":0,"48":0,"49":0},"f":{"0":13,"1":36,"2":8,"3":8,"4":7,"5":4,"6":8,"7":2,"8":0},"b":{"0":[4,9],"1":[13,10],"2":[1,7],"3":[36,36],"4":[3,4],"5":[4,0,0],"6":[0,4],"7":[2,6],"8":[8,6],"9":[6,5,4,3],"10":[2,6],"11":[8,6],"12":[3,4],"13":[7,4],"14":[2,2],"15":[4,2],"16":[4,1],"17":[2,2],"18":[4,2],"19":[5],"20":[3,5],"21":[8,7],"22":[2,1],"23":[2,1],"24":[0,0],"25":[0,0]},"_coverageSchema":"1a1c01bbd47fc00a2c39e90264f33305004495a9","hash":"24dcf7a8581938e62cda40e95b5cde6dfc556844"}
,"C:\\Projects\\TikTok Downloader\\tiktok-video-downloader\\tests\\mocks\\chrome.mock.js": {"path":"C:\\Projects\\TikTok Downloader\\tiktok-video-downloader\\tests\\mocks\\chrome.mock.js","statementMap":{"0":{"start":{"line":7,"column":20},"end":{"line":64,"column":1}},"1":{"start":{"line":11,"column":6},"end":{"line":20,"column":8}},"2":{"start":{"line":15,"column":14},"end":{"line":17,"column":15}},"3":{"start":{"line":16,"column":16},"end":{"line":16,"column":56}},"4":{"start":{"line":18,"column":14},"end":{"line":18,"column":25}},"5":{"start":{"line":23,"column":6},"end":{"line":23,"column":52}},"6":{"start":{"line":24,"column":6},"end":{"line":24,"column":31}},"7":{"start":{"line":27,"column":24},"end":{"line":27,"column":64}},"8":{"start":{"line":28,"column":6},"end":{"line":28,"column":68}},"9":{"start":{"line":28,"column":31},"end":{"line":28,"column":66}},"10":{"start":{"line":29,"column":6},"end":{"line":29,"column":31}},"11":{"start":{"line":32,"column":6},"end":{"line":32,"column":35}},"12":{"start":{"line":33,"column":6},"end":{"line":33,"column":31}},"13":{"start":{"line":39,"column":6},"end":{"line":48,"column":8}},"14":{"start":{"line":43,"column":14},"end":{"line":45,"column":15}},"15":{"start":{"line":44,"column":16},"end":{"line":44,"column":55}},"16":{"start":{"line":46,"column":14},"end":{"line":46,"column":25}},"17":{"start":{"line":51,"column":6},"end":{"line":51,"column":51}},"18":{"start":{"line":52,"column":6},"end":{"line":52,"column":31}},"19":{"start":{"line":55,"column":24},"end":{"line":55,"column":64}},"20":{"start":{"line":56,"column":6},"end":{"line":56,"column":67}},"21":{"start":{"line":56,"column":31},"end":{"line":56,"column":65}},"22":{"start":{"line":57,"column":6},"end":{"line":57,"column":31}},"23":{"start":{"line":60,"column":6},"end":{"line":60,"column":34}},"24":{"start":{"line":61,"column":6},"end":{"line":61,"column":31}},"25":{"start":{"line":69,"column":20},"end":{"line":96,"column":1}},"26":{"start":{"line":72,"column":28},"end":{"line":72,"column":74}},"27":{"start":{"line":73,"column":29},"end":{"line":73,"column":48}},"28":{"start":{"line":77,"column":6},"end":{"line":77,"column":54}},"29":{"start":{"line":80,"column":20},"end":{"line":80,"column":70}},"30":{"start":{"line":81,"column":6},"end":{"line":83,"column":7}},"31":{"start":{"line":82,"column":8},"end":{"line":82,"column":58}},"32":{"start":{"line":86,"column":6},"end":{"line":86,"column":65}},"33":{"start":{"line":95,"column":33},"end":{"line":95,"column":50}},"34":{"start":{"line":101,"column":17},"end":{"line":139,"column":1}},"35":{"start":{"line":104,"column":18},"end":{"line":104,"column":37}},"36":{"start":{"line":106,"column":4},"end":{"line":108,"column":5}},"37":{"start":{"line":107,"column":6},"end":{"line":107,"column":71}},"38":{"start":{"line":107,"column":38},"end":{"line":107,"column":69}},"39":{"start":{"line":109,"column":4},"end":{"line":111,"column":5}},"40":{"start":{"line":110,"column":6},"end":{"line":110,"column":58}},"41":{"start":{"line":110,"column":38},"end":{"line":110,"column":56}},"42":{"start":{"line":112,"column":4},"end":{"line":120,"column":5}},"43":{"start":{"line":113,"column":25},"end":{"line":113,"column":38}},"44":{"start":{"line":114,"column":6},"end":{"line":119,"column":9}},"45":{"start":{"line":115,"column":8},"end":{"line":117,"column":9}},"46":{"start":{"line":116,"column":10},"end":{"line":116,"column":65}},"47":{"start":{"line":118,"column":8},"end":{"line":118,"column":88}},"48":{"start":{"line":118,"column":42},"end":{"line":118,"column":86}},"49":{"start":{"line":122,"column":4},"end":{"line":122,"column":36}},"50":{"start":{"line":125,"column":19},"end":{"line":130,"column":5}},"51":{"start":{"line":131,"column":4},"end":{"line":131,"column":32}},"52":{"start":{"line":132,"column":4},"end":{"line":132,"column":35}},"53":{"start":{"line":134,"column":29},"end":{"line":134,"column":48}},"54":{"start":{"line":136,"column":16},"end":{"line":136,"column":56}},"55":{"start":{"line":136,"column":41},"end":{"line":136,"column":55}},"56":{"start":{"line":137,"column":4},"end":{"line":137,"column":32}},"57":{"start":{"line":144,"column":21},"end":{"line":160,"column":1}},"58":{"start":{"line":147,"column":4},"end":{"line":149,"column":5}},"59":{"start":{"line":148,"column":6},"end":{"line":148,"column":36}},"60":{"start":{"line":150,"column":4},"end":{"line":150,"column":48}},"61":{"start":{"line":153,"column":4},"end":{"line":153,"column":31}},"62":{"start":{"line":154,"column":4},"end":{"line":156,"column":5}},"63":{"start":{"line":155,"column":6},"end":{"line":155,"column":17}},"64":{"start":{"line":157,"column":4},"end":{"line":157,"column":29}},"65":{"start":{"line":159,"column":35},"end":{"line":159,"column":94}},"66":{"start":{"line":165,"column":22},"end":{"line":167,"column":1}},"67":{"start":{"line":166,"column":31},"end":{"line":166,"column":66}},"68":{"start":{"line":172,"column":19},"end":{"line":178,"column":1}},"69":{"start":{"line":184,"column":2},"end":{"line":189,"column":5}},"70":{"start":{"line":196,"column":2},"end":{"line":196,"column":30}},"71":{"start":{"line":205,"column":2},"end":{"line":209,"column":3}},"72":{"start":{"line":206,"column":4},"end":{"line":206,"column":48}},"73":{"start":{"line":208,"column":4},"end":{"line":208,"column":49}},"74":{"start":{"line":216,"column":2},"end":{"line":216,"column":31}},"75":{"start":{"line":217,"column":2},"end":{"line":217,"column":30}},"76":{"start":{"line":218,"column":2},"end":{"line":218,"column":22}},"77":{"start":{"line":219,"column":2},"end":{"line":219,"column":29}},"78":{"start":{"line":220,"column":2},"end":{"line":220,"column":31}},"79":{"start":{"line":223,"column":2},"end":{"line":225,"column":5}},"80":{"start":{"line":224,"column":4},"end":{"line":224,"column":65}},"81":{"start":{"line":224,"column":50},"end":{"line":224,"column":65}},"82":{"start":{"line":226,"column":2},"end":{"line":228,"column":5}},"83":{"start":{"line":227,"column":4},"end":{"line":227,"column":65}},"84":{"start":{"line":227,"column":50},"end":{"line":227,"column":65}},"85":{"start":{"line":229,"column":2},"end":{"line":231,"column":5}},"86":{"start":{"line":230,"column":4},"end":{"line":230,"column":65}},"87":{"start":{"line":230,"column":50},"end":{"line":230,"column":65}},"88":{"start":{"line":232,"column":2},"end":{"line":234,"column":5}},"89":{"start":{"line":233,"column":4},"end":{"line":233,"column":65}},"90":{"start":{"line":233,"column":50},"end":{"line":233,"column":65}},"91":{"start":{"line":235,"column":2},"end":{"line":237,"column":5}},"92":{"start":{"line":236,"column":4},"end":{"line":236,"column":65}},"93":{"start":{"line":236,"column":50},"end":{"line":236,"column":65}},"94":{"start":{"line":241,"column":0},"end":{"line":252,"column":2}},"95":{"start":{"line":255,"column":0},"end":{"line":257,"column":1}},"96":{"start":{"line":256,"column":2},"end":{"line":256,"column":29}}},"fnMap":{"0":{"name":"(anonymous_0)","decl":{"start":{"line":10,"column":17},"end":{"line":10,"column":18}},"loc":{"start":{"line":10,"column":27},"end":{"line":21,"column":5}},"line":10},"1":{"name":"(anonymous_1)","decl":{"start":{"line":14,"column":24},"end":{"line":14,"column":25}},"loc":{"start":{"line":14,"column":38},"end":{"line":19,"column":13}},"line":14},"2":{"name":"(anonymous_2)","decl":{"start":{"line":22,"column":17},"end":{"line":22,"column":18}},"loc":{"start":{"line":22,"column":28},"end":{"line":25,"column":5}},"line":22},"3":{"name":"(anonymous_3)","decl":{"start":{"line":26,"column":20},"end":{"line":26,"column":21}},"loc":{"start":{"line":26,"column":30},"end":{"line":30,"column":5}},"line":26},"4":{"name":"(anonymous_4)","decl":{"start":{"line":28,"column":24},"end":{"line":28,"column":25}},"loc":{"start":{"line":28,"column":31},"end":{"line":28,"column":66}},"line":28},"5":{"name":"(anonymous_5)","decl":{"start":{"line":31,"column":19},"end":{"line":31,"column":20}},"loc":{"start":{"line":31,"column":25},"end":{"line":34,"column":5}},"line":31},"6":{"name":"(anonymous_6)","decl":{"start":{"line":38,"column":17},"end":{"line":38,"column":18}},"loc":{"start":{"line":38,"column":27},"end":{"line":49,"column":5}},"line":38},"7":{"name":"(anonymous_7)","decl":{"start":{"line":42,"column":24},"end":{"line":42,"column":25}},"loc":{"start":{"line":42,"column":38},"end":{"line":47,"column":13}},"line":42},"8":{"name":"(anonymous_8)","decl":{"start":{"line":50,"column":17},"end":{"line":50,"column":18}},"loc":{"start":{"line":50,"column":28},"end":{"line":53,"column":5}},"line":50},"9":{"name":"(anonymous_9)","decl":{"start":{"line":54,"column":20},"end":{"line":54,"column":21}},"loc":{"start":{"line":54,"column":30},"end":{"line":58,"column":5}},"line":54},"10":{"name":"(anonymous_10)","decl":{"start":{"line":56,"column":24},"end":{"line":56,"column":25}},"loc":{"start":{"line":56,"column":31},"end":{"line":56,"column":65}},"line":56},"11":{"name":"(anonymous_11)","decl":{"start":{"line":59,"column":19},"end":{"line":59,"column":20}},"loc":{"start":{"line":59,"column":25},"end":{"line":62,"column":5}},"line":59},"12":{"name":"(anonymous_12)","decl":{"start":{"line":72,"column":18},"end":{"line":72,"column":19}},"loc":{"start":{"line":72,"column":28},"end":{"line":72,"column":74}},"line":72},"13":{"name":"(anonymous_13)","decl":{"start":{"line":73,"column":23},"end":{"line":73,"column":24}},"loc":{"start":{"line":73,"column":29},"end":{"line":73,"column":48}},"line":73},"14":{"name":"(anonymous_14)","decl":{"start":{"line":76,"column":25},"end":{"line":76,"column":26}},"loc":{"start":{"line":76,"column":39},"end":{"line":78,"column":5}},"line":76},"15":{"name":"(anonymous_15)","decl":{"start":{"line":79,"column":28},"end":{"line":79,"column":29}},"loc":{"start":{"line":79,"column":42},"end":{"line":84,"column":5}},"line":79},"16":{"name":"(anonymous_16)","decl":{"start":{"line":85,"column":25},"end":{"line":85,"column":26}},"loc":{"start":{"line":85,"column":39},"end":{"line":87,"column":5}},"line":85},"17":{"name":"(anonymous_17)","decl":{"start":{"line":95,"column":27},"end":{"line":95,"column":28}},"loc":{"start":{"line":95,"column":33},"end":{"line":95,"column":50}},"line":95},"18":{"name":"(anonymous_18)","decl":{"start":{"line":103,"column":17},"end":{"line":103,"column":18}},"loc":{"start":{"line":103,"column":32},"end":{"line":123,"column":3}},"line":103},"19":{"name":"(anonymous_19)","decl":{"start":{"line":107,"column":31},"end":{"line":107,"column":32}},"loc":{"start":{"line":107,"column":38},"end":{"line":107,"column":69}},"line":107},"20":{"name":"(anonymous_20)","decl":{"start":{"line":110,"column":31},"end":{"line":110,"column":32}},"loc":{"start":{"line":110,"column":38},"end":{"line":110,"column":56}},"line":110},"21":{"name":"(anonymous_21)","decl":{"start":{"line":114,"column":31},"end":{"line":114,"column":32}},"loc":{"start":{"line":114,"column":38},"end":{"line":119,"column":7}},"line":114},"22":{"name":"(anonymous_22)","decl":{"start":{"line":118,"column":31},"end":{"line":118,"column":32}},"loc":{"start":{"line":118,"column":42},"end":{"line":118,"column":86}},"line":118},"23":{"name":"(anonymous_23)","decl":{"start":{"line":124,"column":18},"end":{"line":124,"column":19}},"loc":{"start":{"line":124,"column":40},"end":{"line":133,"column":3}},"line":124},"24":{"name":"(anonymous_24)","decl":{"start":{"line":134,"column":23},"end":{"line":134,"column":24}},"loc":{"start":{"line":134,"column":29},"end":{"line":134,"column":48}},"line":134},"25":{"name":"(anonymous_25)","decl":{"start":{"line":135,"column":15},"end":{"line":135,"column":16}},"loc":{"start":{"line":135,"column":26},"end":{"line":138,"column":3}},"line":135},"26":{"name":"(anonymous_26)","decl":{"start":{"line":136,"column":36},"end":{"line":136,"column":37}},"loc":{"start":{"line":136,"column":41},"end":{"line":136,"column":55}},"line":136},"27":{"name":"(anonymous_27)","decl":{"start":{"line":146,"column":24},"end":{"line":146,"column":25}},"loc":{"start":{"line":146,"column":47},"end":{"line":151,"column":3}},"line":146},"28":{"name":"(anonymous_28)","decl":{"start":{"line":152,"column":33},"end":{"line":152,"column":34}},"loc":{"start":{"line":152,"column":56},"end":{"line":158,"column":3}},"line":152},"29":{"name":"(anonymous_29)","decl":{"start":{"line":159,"column":29},"end":{"line":159,"column":30}},"loc":{"start":{"line":159,"column":35},"end":{"line":159,"column":94}},"line":159},"30":{"name":"(anonymous_30)","decl":{"start":{"line":166,"column":25},"end":{"line":166,"column":26}},"loc":{"start":{"line":166,"column":31},"end":{"line":166,"column":66}},"line":166},"31":{"name":"setupMockTikTokTab","decl":{"start":{"line":183,"column":9},"end":{"line":183,"column":27}},"loc":{"start":{"line":183,"column":87},"end":{"line":190,"column":1}},"line":183},"32":{"name":"setMockAuthToken","decl":{"start":{"line":195,"column":9},"end":{"line":195,"column":25}},"loc":{"start":{"line":195,"column":33},"end":{"line":197,"column":1}},"line":195},"33":{"name":"setMockStorageData","decl":{"start":{"line":204,"column":9},"end":{"line":204,"column":27}},"loc":{"start":{"line":204,"column":40},"end":{"line":210,"column":1}},"line":204},"34":{"name":"resetAllMocks","decl":{"start":{"line":215,"column":9},"end":{"line":215,"column":22}},"loc":{"start":{"line":215,"column":25},"end":{"line":238,"column":1}},"line":215},"35":{"name":"(anonymous_35)","decl":{"start":{"line":223,"column":43},"end":{"line":223,"column":44}},"loc":{"start":{"line":223,"column":49},"end":{"line":225,"column":3}},"line":223},"36":{"name":"(anonymous_36)","decl":{"start":{"line":226,"column":42},"end":{"line":226,"column":43}},"loc":{"start":{"line":226,"column":48},"end":{"line":228,"column":3}},"line":226},"37":{"name":"(anonymous_37)","decl":{"start":{"line":229,"column":37},"end":{"line":229,"column":38}},"loc":{"start":{"line":229,"column":43},"end":{"line":231,"column":3}},"line":229},"38":{"name":"(anonymous_38)","decl":{"start":{"line":232,"column":34},"end":{"line":232,"column":35}},"loc":{"start":{"line":232,"column":40},"end":{"line":234,"column":3}},"line":232},"39":{"name":"(anonymous_39)","decl":{"start":{"line":235,"column":38},"end":{"line":235,"column":39}},"loc":{"start":{"line":235,"column":44},"end":{"line":237,"column":3}},"line":235}},"branchMap":{"0":{"loc":{"start":{"line":12,"column":8},"end":{"line":19,"column":18}},"type":"cond-expr","locations":[{"start":{"line":13,"column":12},"end":{"line":13,"column":53}},{"start":{"line":14,"column":12},"end":{"line":19,"column":18}}],"line":12},"1":{"loc":{"start":{"line":15,"column":14},"end":{"line":17,"column":15}},"type":"if","locations":[{"start":{"line":15,"column":14},"end":{"line":17,"column":15}},{"start":{},"end":{}}],"line":15},"2":{"loc":{"start":{"line":27,"column":24},"end":{"line":27,"column":64}},"type":"cond-expr","locations":[{"start":{"line":27,"column":51},"end":{"line":27,"column":57}},{"start":{"line":27,"column":60},"end":{"line":27,"column":64}}],"line":27},"3":{"loc":{"start":{"line":40,"column":8},"end":{"line":47,"column":18}},"type":"cond-expr","locations":[{"start":{"line":41,"column":12},"end":{"line":41,"column":52}},{"start":{"line":42,"column":12},"end":{"line":47,"column":18}}],"line":40},"4":{"loc":{"start":{"line":43,"column":14},"end":{"line":45,"column":15}},"type":"if","locations":[{"start":{"line":43,"column":14},"end":{"line":45,"column":15}},{"start":{},"end":{}}],"line":43},"5":{"loc":{"start":{"line":55,"column":24},"end":{"line":55,"column":64}},"type":"cond-expr","locations":[{"start":{"line":55,"column":51},"end":{"line":55,"column":57}},{"start":{"line":55,"column":60},"end":{"line":55,"column":64}}],"line":55},"6":{"loc":{"start":{"line":81,"column":6},"end":{"line":83,"column":7}},"type":"if","locations":[{"start":{"line":81,"column":6},"end":{"line":83,"column":7}},{"start":{},"end":{}}],"line":81},"7":{"loc":{"start":{"line":106,"column":4},"end":{"line":108,"column":5}},"type":"if","locations":[{"start":{"line":106,"column":4},"end":{"line":108,"column":5}},{"start":{},"end":{}}],"line":106},"8":{"loc":{"start":{"line":109,"column":4},"end":{"line":111,"column":5}},"type":"if","locations":[{"start":{"line":109,"column":4},"end":{"line":111,"column":5}},{"start":{},"end":{}}],"line":109},"9":{"loc":{"start":{"line":112,"column":4},"end":{"line":120,"column":5}},"type":"if","locations":[{"start":{"line":112,"column":4},"end":{"line":120,"column":5}},{"start":{},"end":{}}],"line":112},"10":{"loc":{"start":{"line":115,"column":8},"end":{"line":117,"column":9}},"type":"if","locations":[{"start":{"line":115,"column":8},"end":{"line":117,"column":9}},{"start":{},"end":{}}],"line":115},"11":{"loc":{"start":{"line":147,"column":4},"end":{"line":149,"column":5}},"type":"if","locations":[{"start":{"line":147,"column":4},"end":{"line":149,"column":5}},{"start":{},"end":{}}],"line":147},"12":{"loc":{"start":{"line":154,"column":4},"end":{"line":156,"column":5}},"type":"if","locations":[{"start":{"line":154,"column":4},"end":{"line":156,"column":5}},{"start":{},"end":{}}],"line":154},"13":{"loc":{"start":{"line":183,"column":28},"end":{"line":183,"column":85}},"type":"default-arg","locations":[{"start":{"line":183,"column":34},"end":{"line":183,"column":85}}],"line":183},"14":{"loc":{"start":{"line":205,"column":2},"end":{"line":209,"column":3}},"type":"if","locations":[{"start":{"line":205,"column":2},"end":{"line":209,"column":3}},{"start":{"line":207,"column":9},"end":{"line":209,"column":3}}],"line":205},"15":{"loc":{"start":{"line":224,"column":4},"end":{"line":224,"column":65}},"type":"if","locations":[{"start":{"line":224,"column":4},"end":{"line":224,"column":65}},{"start":{},"end":{}}],"line":224},"16":{"loc":{"start":{"line":224,"column":8},"end":{"line":224,"column":48}},"type":"binary-expr","locations":[{"start":{"line":224,"column":8},"end":{"line":224,"column":32}},{"start":{"line":224,"column":36},"end":{"line":224,"column":48}}],"line":224},"17":{"loc":{"start":{"line":227,"column":4},"end":{"line":227,"column":65}},"type":"if","locations":[{"start":{"line":227,"column":4},"end":{"line":227,"column":65}},{"start":{},"end":{}}],"line":227},"18":{"loc":{"start":{"line":227,"column":8},"end":{"line":227,"column":48}},"type":"binary-expr","locations":[{"start":{"line":227,"column":8},"end":{"line":227,"column":32}},{"start":{"line":227,"column":36},"end":{"line":227,"column":48}}],"line":227},"19":{"loc":{"start":{"line":230,"column":4},"end":{"line":230,"column":65}},"type":"if","locations":[{"start":{"line":230,"column":4},"end":{"line":230,"column":65}},{"start":{},"end":{}}],"line":230},"20":{"loc":{"start":{"line":230,"column":8},"end":{"line":230,"column":48}},"type":"binary-expr","locations":[{"start":{"line":230,"column":8},"end":{"line":230,"column":32}},{"start":{"line":230,"column":36},"end":{"line":230,"column":48}}],"line":230},"21":{"loc":{"start":{"line":233,"column":4},"end":{"line":233,"column":65}},"type":"if","locations":[{"start":{"line":233,"column":4},"end":{"line":233,"column":65}},{"start":{},"end":{}}],"line":233},"22":{"loc":{"start":{"line":233,"column":8},"end":{"line":233,"column":48}},"type":"binary-expr","locations":[{"start":{"line":233,"column":8},"end":{"line":233,"column":32}},{"start":{"line":233,"column":36},"end":{"line":233,"column":48}}],"line":233},"23":{"loc":{"start":{"line":236,"column":4},"end":{"line":236,"column":65}},"type":"if","locations":[{"start":{"line":236,"column":4},"end":{"line":236,"column":65}},{"start":{},"end":{}}],"line":236},"24":{"loc":{"start":{"line":236,"column":8},"end":{"line":236,"column":48}},"type":"binary-expr","locations":[{"start":{"line":236,"column":8},"end":{"line":236,"column":32}},{"start":{"line":236,"column":36},"end":{"line":236,"column":48}}],"line":236},"25":{"loc":{"start":{"line":255,"column":0},"end":{"line":257,"column":1}},"type":"if","locations":[{"start":{"line":255,"column":0},"end":{"line":257,"column":1}},{"start":{},"end":{}}],"line":255}},"s":{"0":2,"1":7,"2":8,"3":7,"4":8,"5":4,"6":4,"7":0,"8":0,"9":0,"10":0,"11":0,"12":0,"13":4,"14":7,"15":6,"16":7,"17":3,"18":3,"19":0,"20":0,"21":0,"22":0,"23":0,"24":0,"25":2,"26":0,"27":0,"28":0,"29":0,"30":0,"31":0,"32":0,"33":0,"34":2,"35":3,"36":3,"37":2,"38":2,"39":3,"40":2,"41":2,"42":3,"43":1,"44":1,"45":0,"46":0,"47":0,"48":0,"49":3,"50":0,"51":0,"52":0,"53":0,"54":0,"55":0,"56":0,"57":2,"58":3,"59":0,"60":3,"61":1,"62":1,"63":0,"64":1,"65":0,"66":2,"67":1,"68":2,"69":3,"70":3,"71":5,"72":1,"73":4,"74":29,"75":29,"76":29,"77":29,"78":29,"79":29,"80":145,"81":116,"82":29,"83":145,"84":116,"85":29,"86":232,"87":87,"88":29,"89":145,"90":116,"91":29,"92":116,"93":87,"94":2,"95":2,"96":2},"f":{"0":7,"1":8,"2":4,"3":0,"4":0,"5":0,"6":4,"7":7,"8":3,"9":0,"10":0,"11":0,"12":0,"13":0,"14":0,"15":0,"16":0,"17":0,"18":3,"19":2,"20":2,"21":0,"22":0,"23":0,"24":0,"25":0,"26":0,"27":3,"28":1,"29":0,"30":1,"31":3,"32":3,"33":5,"34":29,"35":145,"36":145,"37":232,"38":145,"39":116},"b":{"0":[0,7],"1":[7,1],"2":[0,0],"3":[0,4],"4":[6,1],"5":[0,0],"6":[0,0],"7":[2,1],"8":[2,1],"9":[1,2],"10":[0,0],"11":[0,3],"12":[0,1],"13":[2],"14":[1,4],"15":[116,29],"16":[145,116],"17":[116,29],"18":[145,116],"19":[87,145],"20":[232,87],"21":[116,29],"22":[145,116],"23":[87,29],"24":[116,87],"25":[2,0]},"_coverageSchema":"1a1c01bbd47fc00a2c39e90264f33305004495a9","hash":"74957adee7ee8d1bac7b7e38a3f5c93d71932368"}
}
