TN:
SF:src\utils\network.js
FN:14,checkOnlineStatus
FN:25,getOnlineStatus
FN:34,onNetworkStatusChange
FN:37,(anonymous_3)
FN:38,(anonymous_4)
FN:46,notifyListeners
FN:47,(anonymous_6)
FN:60,initNetworkMonitoring
FN:65,(anonymous_8)
FN:71,(anonymous_9)
FN:81,(anonymous_10)
FN:92,waitForOnline
FN:97,(anonymous_12)
FN:98,(anonymous_13)
FN:106,(anonymous_14)
FN:120,checkConnectivity
FN:123,(anonymous_16)
FN:142,checkTikTokConnectivity
FN:150,checkGoogleConnectivity
FN:158,getNetworkStatus
FN:180,executeOnlineOnly
FN:201,isNetworkError
FN:217,(anonymous_22)
FN:224,(anonymous_23)
FNF:24
FNH:3
FNDA:0,checkOnlineStatus
FNDA:0,getOnlineStatus
FNDA:0,onNetworkStatusChange
FNDA:0,(anonymous_3)
FNDA:0,(anonymous_4)
FNDA:0,notifyListeners
FNDA:0,(anonymous_6)
FNDA:0,initNetworkMonitoring
FNDA:0,(anonymous_8)
FNDA:0,(anonymous_9)
FNDA:0,(anonymous_10)
FNDA:0,waitForOnline
FNDA:0,(anonymous_12)
FNDA:0,(anonymous_13)
FNDA:0,(anonymous_14)
FNDA:0,checkConnectivity
FNDA:0,(anonymous_16)
FNDA:0,checkTikTokConnectivity
FNDA:0,checkGoogleConnectivity
FNDA:0,getNetworkStatus
FNDA:0,executeOnlineOnly
FNDA:12,isNetworkError
FNDA:60,(anonymous_22)
FNDA:3,(anonymous_23)
DA:7,1
DA:8,1
DA:15,0
DA:16,0
DA:18,0
DA:26,0
DA:35,0
DA:37,0
DA:38,0
DA:47,0
DA:48,0
DA:49,0
DA:51,0
DA:61,0
DA:62,0
DA:65,0
DA:66,0
DA:67,0
DA:68,0
DA:71,0
DA:72,0
DA:73,0
DA:74,0
DA:77,0
DA:78,0
DA:81,0
DA:82,0
DA:83,0
DA:93,0
DA:94,0
DA:97,0
DA:98,0
DA:99,0
DA:100,0
DA:101,0
DA:102,0
DA:106,0
DA:107,0
DA:108,0
DA:121,0
DA:122,0
DA:123,0
DA:125,0
DA:131,0
DA:132,0
DA:134,0
DA:143,0
DA:151,0
DA:159,0
DA:164,0
DA:181,0
DA:182,0
DA:185,0
DA:186,0
DA:189,0
DA:190,0
DA:192,0
DA:202,12
DA:205,10
DA:216,10
DA:217,60
DA:225,3
DA:226,3
DA:227,3
LF:64
LH:9
BRDA:7,0,0,1
BRDA:7,0,1,0
BRDA:15,1,0,0
BRDA:15,1,1,0
BRDA:61,2,0,0
BRDA:61,2,1,0
BRDA:92,3,0,0
BRDA:93,4,0,0
BRDA:93,4,1,0
BRDA:99,5,0,0
BRDA:99,5,1,0
BRDA:120,6,0,0
BRDA:120,7,0,0
BRDA:180,8,0,0
BRDA:181,9,0,0
BRDA:181,9,1,0
BRDA:189,10,0,0
BRDA:189,10,1,0
BRDA:189,11,0,0
BRDA:189,11,1,0
BRDA:202,12,0,2
BRDA:202,12,1,10
BRDA:216,13,0,10
BRDA:216,13,1,4
BRDA:216,14,0,10
BRDA:216,14,1,8
BRDA:224,15,0,2
BRF:27
BRH:8
end_of_record
TN:
SF:src\utils\retry.js
FN:22,calculateBackoff
FN:35,isRetryableError
FN:64,sleep
FN:65,(anonymous_3)
FN:77,retryWithBackoff
FN:132,fetchWithRetry
FN:135,(anonymous_6)
FN:163,withRetry
FN:164,(anonymous_8)
FN:165,(anonymous_9)
FNF:10
FNH:5
FNDA:9,calculateBackoff
FNDA:21,isRetryableError
FNDA:5,sleep
FNDA:5,(anonymous_3)
FNDA:6,retryWithBackoff
FNDA:0,fetchWithRetry
FNDA:0,(anonymous_6)
FNDA:0,withRetry
FNDA:0,(anonymous_8)
FNDA:0,(anonymous_9)
DA:7,1
DA:23,9
DA:25,9
DA:26,9
DA:37,21
DA:38,14
DA:42,7
DA:43,3
DA:47,4
DA:48,0
DA:52,4
DA:53,1
DA:56,3
DA:65,5
DA:82,6
DA:86,6
DA:87,10
DA:89,10
DA:90,1
DA:93,9
DA:95,7
DA:98,7
DA:99,3
DA:103,4
DA:106,4
DA:107,1
DA:115,4
DA:118,4
DA:122,0
DA:133,0
DA:135,0
DA:136,0
DA:142,0
DA:143,0
DA:144,0
DA:145,0
DA:146,0
DA:149,0
DA:164,0
DA:165,0
LF:40
LH:27
BRDA:22,0,0,1
BRDA:35,1,0,15
BRDA:37,2,0,14
BRDA:37,2,1,7
BRDA:37,3,0,21
BRDA:37,3,1,19
BRDA:42,4,0,3
BRDA:42,4,1,4
BRDA:42,5,0,7
BRDA:42,5,1,5
BRDA:47,6,0,0
BRDA:47,6,1,4
BRDA:47,7,0,4
BRDA:47,7,1,2
BRDA:47,7,2,0
BRDA:52,8,0,1
BRDA:52,8,1,3
BRDA:52,9,0,4
BRDA:52,9,1,2
BRDA:77,10,0,2
BRDA:79,11,0,3
BRDA:80,12,0,5
BRDA:81,13,0,5
BRDA:89,14,0,1
BRDA:89,14,1,9
BRDA:98,15,0,3
BRDA:98,15,1,4
BRDA:98,16,0,7
BRDA:98,16,1,6
BRDA:106,17,0,1
BRDA:106,17,1,3
BRDA:132,18,0,0
BRDA:132,19,0,0
BRDA:142,20,0,0
BRDA:142,20,1,0
BRDA:142,21,0,0
BRDA:142,21,1,0
BRDA:163,22,0,0
BRF:38
BRH:29
end_of_record
TN:
SF:src\utils\validation.js
FN:24,isValidVideoUrl
FN:40,(anonymous_1)
FN:71,isValidTikTokPage
FN:94,sanitizeUsername
FN:111,sanitizeVideoId
FN:131,sanitizeForHtml
FN:150,isValidFileSize
FN:164,createSafeFilename
FN:177,isValidTokenFormat
FNF:9
FNH:8
FNDA:13,isValidVideoUrl
FNDA:36,(anonymous_1)
FNDA:8,isValidTikTokPage
FNDA:8,sanitizeUsername
FNDA:7,sanitizeVideoId
FNDA:4,sanitizeForHtml
FNDA:8,isValidFileSize
FNDA:2,createSafeFilename
FNDA:0,isValidTokenFormat
DA:7,1
DA:25,13
DA:26,4
DA:29,9
DA:30,9
DA:33,8
DA:34,1
DA:35,1
DA:39,7
DA:40,7
DA:41,36
DA:44,7
DA:45,3
DA:46,3
DA:50,4
DA:54,4
DA:55,0
DA:59,4
DA:61,1
DA:62,1
DA:72,8
DA:73,2
DA:76,6
DA:77,6
DA:78,6
DA:80,6
DA:85,0
DA:95,8
DA:96,2
DA:100,6
DA:112,7
DA:113,3
DA:117,4
DA:119,4
DA:120,2
DA:123,4
DA:132,4
DA:133,2
DA:136,2
DA:151,8
DA:152,3
DA:155,5
DA:156,5
DA:165,2
DA:166,2
DA:167,2
DA:169,2
DA:178,0
DA:179,0
DA:183,0
LF:50
LH:45
BRDA:25,0,0,4
BRDA:25,0,1,9
BRDA:25,1,0,13
BRDA:25,1,1,10
BRDA:33,2,0,1
BRDA:33,2,1,7
BRDA:41,3,0,36
BRDA:41,3,1,36
BRDA:44,4,0,3
BRDA:44,4,1,4
BRDA:50,5,0,4
BRDA:50,5,1,0
BRDA:50,5,2,0
BRDA:54,6,0,0
BRDA:54,6,1,4
BRDA:72,7,0,2
BRDA:72,7,1,6
BRDA:72,8,0,8
BRDA:72,8,1,6
BRDA:80,9,0,6
BRDA:80,9,1,5
BRDA:80,9,2,4
BRDA:80,9,3,3
BRDA:95,10,0,2
BRDA:95,10,1,6
BRDA:95,11,0,8
BRDA:95,11,1,6
BRDA:112,12,0,3
BRDA:112,12,1,4
BRDA:112,13,0,7
BRDA:112,13,1,4
BRDA:119,14,0,2
BRDA:119,14,1,2
BRDA:119,15,0,4
BRDA:119,15,1,2
BRDA:123,16,0,4
BRDA:123,16,1,1
BRDA:132,17,0,2
BRDA:132,17,1,2
BRDA:132,18,0,4
BRDA:132,18,1,2
BRDA:150,19,0,5
BRDA:151,20,0,3
BRDA:151,20,1,5
BRDA:151,21,0,8
BRDA:151,21,1,7
BRDA:165,22,0,2
BRDA:165,22,1,1
BRDA:166,23,0,2
BRDA:166,23,1,1
BRDA:178,24,0,0
BRDA:178,24,1,0
BRDA:178,25,0,0
BRDA:178,25,1,0
BRF:54
BRH:47
end_of_record
TN:
SF:tests\mocks\chrome.mock.js
FN:10,(anonymous_0)
FN:14,(anonymous_1)
FN:22,(anonymous_2)
FN:26,(anonymous_3)
FN:28,(anonymous_4)
FN:31,(anonymous_5)
FN:38,(anonymous_6)
FN:42,(anonymous_7)
FN:50,(anonymous_8)
FN:54,(anonymous_9)
FN:56,(anonymous_10)
FN:59,(anonymous_11)
FN:72,(anonymous_12)
FN:73,(anonymous_13)
FN:76,(anonymous_14)
FN:79,(anonymous_15)
FN:85,(anonymous_16)
FN:95,(anonymous_17)
FN:103,(anonymous_18)
FN:107,(anonymous_19)
FN:110,(anonymous_20)
FN:114,(anonymous_21)
FN:118,(anonymous_22)
FN:124,(anonymous_23)
FN:134,(anonymous_24)
FN:135,(anonymous_25)
FN:136,(anonymous_26)
FN:146,(anonymous_27)
FN:152,(anonymous_28)
FN:159,(anonymous_29)
FN:166,(anonymous_30)
FN:183,setupMockTikTokTab
FN:195,setMockAuthToken
FN:204,setMockStorageData
FN:215,resetAllMocks
FN:223,(anonymous_35)
FN:226,(anonymous_36)
FN:229,(anonymous_37)
FN:232,(anonymous_38)
FN:235,(anonymous_39)
FNF:40
FNH:21
FNDA:7,(anonymous_0)
FNDA:8,(anonymous_1)
FNDA:4,(anonymous_2)
FNDA:0,(anonymous_3)
FNDA:0,(anonymous_4)
FNDA:0,(anonymous_5)
FNDA:4,(anonymous_6)
FNDA:7,(anonymous_7)
FNDA:3,(anonymous_8)
FNDA:0,(anonymous_9)
FNDA:0,(anonymous_10)
FNDA:0,(anonymous_11)
FNDA:0,(anonymous_12)
FNDA:0,(anonymous_13)
FNDA:0,(anonymous_14)
FNDA:0,(anonymous_15)
FNDA:0,(anonymous_16)
FNDA:0,(anonymous_17)
FNDA:3,(anonymous_18)
FNDA:2,(anonymous_19)
FNDA:2,(anonymous_20)
FNDA:0,(anonymous_21)
FNDA:0,(anonymous_22)
FNDA:0,(anonymous_23)
FNDA:0,(anonymous_24)
FNDA:0,(anonymous_25)
FNDA:0,(anonymous_26)
FNDA:3,(anonymous_27)
FNDA:1,(anonymous_28)
FNDA:0,(anonymous_29)
FNDA:1,(anonymous_30)
FNDA:3,setupMockTikTokTab
FNDA:3,setMockAuthToken
FNDA:5,setMockStorageData
FNDA:29,resetAllMocks
FNDA:145,(anonymous_35)
FNDA:145,(anonymous_36)
FNDA:232,(anonymous_37)
FNDA:145,(anonymous_38)
FNDA:116,(anonymous_39)
DA:7,2
DA:11,7
DA:15,8
DA:16,7
DA:18,8
DA:23,4
DA:24,4
DA:27,0
DA:28,0
DA:29,0
DA:32,0
DA:33,0
DA:39,4
DA:43,7
DA:44,6
DA:46,7
DA:51,3
DA:52,3
DA:55,0
DA:56,0
DA:57,0
DA:60,0
DA:61,0
DA:69,2
DA:72,0
DA:73,0
DA:77,0
DA:80,0
DA:81,0
DA:82,0
DA:86,0
DA:95,0
DA:101,2
DA:104,3
DA:106,3
DA:107,2
DA:109,3
DA:110,2
DA:112,3
DA:113,1
DA:114,1
DA:115,0
DA:116,0
DA:118,0
DA:122,3
DA:125,0
DA:131,0
DA:132,0
DA:134,0
DA:136,0
DA:137,0
DA:144,2
DA:147,3
DA:148,0
DA:150,3
DA:153,1
DA:154,1
DA:155,0
DA:157,1
DA:159,0
DA:165,2
DA:166,1
DA:172,2
DA:184,3
DA:196,3
DA:205,5
DA:206,1
DA:208,4
DA:216,29
DA:217,29
DA:218,29
DA:219,29
DA:220,29
DA:223,29
DA:224,145
DA:226,29
DA:227,145
DA:229,29
DA:230,232
DA:232,29
DA:233,145
DA:235,29
DA:236,116
DA:241,2
DA:255,2
DA:256,2
LF:86
LH:56
BRDA:12,0,0,0
BRDA:12,0,1,7
BRDA:15,1,0,7
BRDA:15,1,1,1
BRDA:27,2,0,0
BRDA:27,2,1,0
BRDA:40,3,0,0
BRDA:40,3,1,4
BRDA:43,4,0,6
BRDA:43,4,1,1
BRDA:55,5,0,0
BRDA:55,5,1,0
BRDA:81,6,0,0
BRDA:81,6,1,0
BRDA:106,7,0,2
BRDA:106,7,1,1
BRDA:109,8,0,2
BRDA:109,8,1,1
BRDA:112,9,0,1
BRDA:112,9,1,2
BRDA:115,10,0,0
BRDA:115,10,1,0
BRDA:147,11,0,0
BRDA:147,11,1,3
BRDA:154,12,0,0
BRDA:154,12,1,1
BRDA:183,13,0,2
BRDA:205,14,0,1
BRDA:205,14,1,4
BRDA:224,15,0,116
BRDA:224,15,1,29
BRDA:224,16,0,145
BRDA:224,16,1,116
BRDA:227,17,0,116
BRDA:227,17,1,29
BRDA:227,18,0,145
BRDA:227,18,1,116
BRDA:230,19,0,87
BRDA:230,19,1,145
BRDA:230,20,0,232
BRDA:230,20,1,87
BRDA:233,21,0,116
BRDA:233,21,1,29
BRDA:233,22,0,145
BRDA:233,22,1,116
BRDA:236,23,0,87
BRDA:236,23,1,29
BRDA:236,24,0,116
BRDA:236,24,1,87
BRDA:255,25,0,2
BRDA:255,25,1,0
BRF:51
BRH:38
end_of_record
